<?xml version="1.0" encoding="UTF-8"?>
<!-- Generated by org.testng.reporters.JUnitXMLReporter -->
<testsuite ignored="0" hostname="chandu" failures="0" tests="1" name="Test on Chrome" time="0.097" errors="0" timestamp="2025-09-13T15:32:01 IST">
  <testcase classname="testCase.BaseClass" name="@BeforeClass setup" time="-1.757757721843E9">
    <failure type="org.testng.TestNGException" message="
Parameter &amp;apos;os&amp;apos; is required by BeforeClass on method setup but has not been marked @Optional or defined
in C:\Users\bmoha\eclipse-workspace\Practice_POM\src\test\java\testCase\CrossBrowsingTest.xml">
      <![CDATA[org.testng.TestNGException: 
Parameter 'os' is required by BeforeClass on method setup but has not been marked @Optional or defined
in C:\Users\bmoha\eclipse-workspace\Practice_POM\src\test\java\testCase\CrossBrowsingTest.xml
at java.base/java.util.ArrayList.forEach(ArrayList.java:1511)
... Removed 22 stack frames]]>
    </failure>
  </testcase> <!-- @BeforeClass setup -->
  <testcase classname="testCase.BaseClass" name="@AfterClass teardown" time="0.0">
    <skipped/>
  </testcase> <!-- @AfterClass teardown -->
  <testcase classname="testCase.TC1_AccountRegistration" name="login" time="0.0">
    <skipped/>
  </testcase> <!-- login -->
</testsuite> <!-- Test on Chrome -->
